2026-06-22 02:00:45,332 ERROR scheduler Skipped queueing frappe.social.doctype.energy_point_settings.energy_point_settings.allocate_review_points because it was found in queue for bfarm.localhost
2026-06-22 02:00:45,407 ERROR scheduler Skipped queueing frappe.desk.notifications.clear_notifications because it was found in queue for bfarm.localhost
2026-06-22 02:00:45,418 ERROR scheduler Skipped queueing erpnext.crm.doctype.opportunity.opportunity.auto_close_opportunity because it was found in queue for bfarm.localhost
2026-06-22 02:00:45,432 ERROR scheduler Skipped queueing frappe.desk.form.document_follow.send_weekly_updates because it was found in queue for bfarm.localhost
2026-06-22 02:00:45,447 ERROR scheduler Skipped queueing frappe.core.doctype.prepared_report.prepared_report.expire_stalled_report because it was found in queue for bfarm.localhost
2026-06-22 02:00:45,454 ERROR scheduler Skipped queueing frappe.core.doctype.user_invitation.user_invitation.mark_expired_invitations because it was found in queue for bfarm.localhost
2026-06-22 02:00:45,462 ERROR scheduler Skipped queueing frappe.website.doctype.web_page.web_page.check_publish_status because it was found in queue for bfarm.localhost
2026-06-22 02:00:45,493 ERROR scheduler Skipped queueing frappe.integrations.doctype.google_drive.google_drive.daily_backup because it was found in queue for bfarm.localhost
2026-06-22 02:00:45,515 ERROR scheduler Skipped queueing frappe.integrations.doctype.google_contacts.google_contacts.sync because it was found in queue for bfarm.localhost
2026-06-22 02:00:45,520 ERROR scheduler Skipped queueing erpnext.buying.doctype.supplier_scorecard.supplier_scorecard.refresh_scorecards because it was found in queue for bfarm.localhost
2026-06-22 02:00:45,527 ERROR scheduler Skipped queueing erpnext.accounts.doctype.fiscal_year.fiscal_year.auto_create_fiscal_year because it was found in queue for bfarm.localhost
2026-06-22 02:00:45,560 ERROR scheduler Skipped queueing erpnext.stock.reorder_item.reorder_item because it was found in queue for bfarm.localhost
2026-06-22 02:00:45,624 ERROR scheduler Skipped queueing erpnext.erpnext_integrations.doctype.plaid_settings.plaid_settings.automatic_synchronization because it was found in queue for bfarm.localhost
2026-06-22 02:01:50,612 ERROR scheduler Skipped queueing frappe.social.doctype.energy_point_settings.energy_point_settings.allocate_review_points because it was found in queue for bfarm.localhost
2026-06-22 02:01:50,622 ERROR scheduler Skipped queueing frappe.oauth.delete_oauth2_data because it was found in queue for bfarm.localhost
2026-06-22 02:01:50,627 ERROR scheduler Skipped queueing frappe.desk.form.document_follow.send_weekly_updates because it was found in queue for bfarm.localhost
2026-06-22 02:01:50,637 ERROR scheduler Skipped queueing frappe.model.utils.user_settings.sync_user_settings because it was found in queue for bfarm.localhost
2026-06-22 02:01:50,654 ERROR scheduler Skipped queueing erpnext.projects.doctype.project.project.project_status_update_reminder because it was found in queue for bfarm.localhost
2026-06-22 02:01:50,662 ERROR scheduler Skipped queueing erpnext.utilities.bulk_transaction.retry because it was found in queue for bfarm.localhost
2026-06-22 02:01:50,671 ERROR scheduler Skipped queueing frappe.website.doctype.personal_data_deletion_request.personal_data_deletion_request.process_data_deletion_request because it was found in queue for bfarm.localhost
2026-06-22 02:01:50,697 ERROR scheduler Skipped queueing frappe.core.doctype.user_invitation.user_invitation.mark_expired_invitations because it was found in queue for bfarm.localhost
2026-06-22 02:01:50,701 ERROR scheduler Skipped queueing erpnext.stock.reorder_item.reorder_item because it was found in queue for bfarm.localhost
2026-06-22 02:01:50,710 ERROR scheduler Skipped queueing erpnext.manufacturing.doctype.bom_update_tool.bom_update_tool.auto_update_latest_price_in_all_boms because it was found in queue for bfarm.localhost
2026-06-22 02:01:50,719 ERROR scheduler Skipped queueing frappe.integrations.doctype.s3_backup_settings.s3_backup_settings.take_backups_weekly because it was found in queue for bfarm.localhost
2026-06-22 02:01:50,726 ERROR scheduler Skipped queueing frappe.desk.utils.delete_old_exported_report_files because it was found in queue for bfarm.localhost
2026-06-22 02:01:50,732 ERROR scheduler Skipped queueing erpnext.accounts.utils.run_ledger_health_checks because it was found in queue for bfarm.localhost
2026-06-22 02:01:50,758 ERROR scheduler Skipped queueing frappe.integrations.doctype.google_drive.google_drive.daily_backup because it was found in queue for bfarm.localhost
2026-06-22 02:01:50,761 ERROR scheduler Skipped queueing erpnext.utilities.doctype.video.video.update_youtube_data because it was found in queue for bfarm.localhost
2026-06-22 02:01:50,765 ERROR scheduler Skipped queueing frappe.deferred_insert.save_to_db because it was found in queue for bfarm.localhost
2026-06-22 02:01:50,776 ERROR scheduler Skipped queueing frappe.integrations.doctype.s3_backup_settings.s3_backup_settings.take_backups_monthly because it was found in queue for bfarm.localhost
2026-06-22 02:01:50,784 ERROR scheduler Skipped queueing frappe.utils.global_search.sync_global_search because it was found in queue for bfarm.localhost
2026-06-22 02:01:50,789 ERROR scheduler Skipped queueing frappe.website.doctype.web_page.web_page.check_publish_status because it was found in queue for bfarm.localhost
2026-06-22 02:01:50,793 ERROR scheduler Skipped queueing frappe.sessions.clear_expired_sessions because it was found in queue for bfarm.localhost
2026-06-22 02:01:50,797 ERROR scheduler Skipped queueing frappe.desk.notifications.clear_notifications because it was found in queue for bfarm.localhost
2026-06-22 02:01:50,805 ERROR scheduler Skipped queueing frappe.integrations.doctype.google_contacts.google_contacts.sync because it was found in queue for bfarm.localhost
2026-06-22 02:01:50,811 ERROR scheduler Skipped queueing frappe.core.doctype.prepared_report.prepared_report.expire_stalled_report because it was found in queue for bfarm.localhost
2026-06-22 02:01:50,845 ERROR scheduler Skipped queueing frappe.utils.telemetry.pulse.client.send_queued_events because it was found in queue for bfarm.localhost
2026-06-22 02:01:50,852 ERROR scheduler Skipped queueing erpnext.crm.doctype.opportunity.opportunity.auto_close_opportunity because it was found in queue for bfarm.localhost
2026-06-22 02:01:50,856 ERROR scheduler Skipped queueing erpnext.accounts.doctype.fiscal_year.fiscal_year.auto_create_fiscal_year because it was found in queue for bfarm.localhost
2026-06-22 02:01:50,860 ERROR scheduler Skipped queueing erpnext.buying.doctype.supplier_scorecard.supplier_scorecard.refresh_scorecards because it was found in queue for bfarm.localhost
2026-06-22 02:01:50,871 ERROR scheduler Skipped queueing erpnext.erpnext_integrations.doctype.plaid_settings.plaid_settings.automatic_synchronization because it was found in queue for bfarm.localhost
2026-06-22 02:01:50,884 ERROR scheduler Skipped queueing erpnext.accounts.utils.auto_create_exchange_rate_revaluation_daily because it was found in queue for bfarm.localhost
2026-06-22 02:01:50,887 ERROR scheduler Skipped queueing erpnext.projects.doctype.project.project.update_project_sales_billing because it was found in queue for bfarm.localhost
2026-06-22 02:01:50,906 ERROR scheduler Skipped queueing frappe.email.queue.retry_sending_emails because it was found in queue for bfarm.localhost
2026-06-22 02:01:50,911 ERROR scheduler Skipped queueing frappe.desk.form.document_follow.send_hourly_updates because it was found in queue for bfarm.localhost
2026-06-22 02:01:50,916 ERROR scheduler Skipped queueing erpnext.stock.doctype.repost_item_valuation.repost_item_valuation.repost_entries because it was found in queue for bfarm.localhost
2026-06-22 02:01:50,924 ERROR scheduler Skipped queueing erpnext.projects.doctype.project.project.collect_project_status because it was found in queue for bfarm.localhost
2026-06-22 02:02:55,812 ERROR scheduler Skipped queueing erpnext.utilities.bulk_transaction.retry because it was found in queue for bfarm.localhost
2026-06-22 02:02:55,823 ERROR scheduler Skipped queueing frappe.social.doctype.energy_point_settings.energy_point_settings.allocate_review_points because it was found in queue for bfarm.localhost
2026-06-22 02:02:55,833 ERROR scheduler Skipped queueing erpnext.accounts.doctype.fiscal_year.fiscal_year.auto_create_fiscal_year because it was found in queue for bfarm.localhost
2026-06-22 02:02:55,841 ERROR scheduler Skipped queueing frappe.integrations.doctype.google_contacts.google_contacts.sync because it was found in queue for bfarm.localhost
2026-06-22 02:02:55,863 ERROR scheduler Skipped queueing frappe.email.doctype.email_account.email_account.notify_unreplied because it was found in queue for bfarm.localhost
2026-06-22 02:02:55,877 ERROR scheduler Skipped queueing erpnext.projects.doctype.project.project.collect_project_status because it was found in queue for bfarm.localhost
2026-06-22 02:02:55,880 ERROR scheduler Skipped queueing erpnext.manufacturing.doctype.bom_update_tool.bom_update_tool.auto_update_latest_price_in_all_boms because it was found in queue for bfarm.localhost
2026-06-22 02:02:55,887 ERROR scheduler Skipped queueing erpnext.accounts.utils.auto_create_exchange_rate_revaluation_daily because it was found in queue for bfarm.localhost
2026-06-22 02:02:55,895 ERROR scheduler Skipped queueing frappe.email.doctype.email_account.email_account.pull because it was found in queue for bfarm.localhost
2026-06-22 02:02:55,911 ERROR scheduler Skipped queueing erpnext.buying.doctype.supplier_scorecard.supplier_scorecard.refresh_scorecards because it was found in queue for bfarm.localhost
2026-06-22 02:02:55,923 ERROR scheduler Skipped queueing frappe.website.doctype.web_page.web_page.check_publish_status because it was found in queue for bfarm.localhost
2026-06-22 02:02:55,936 ERROR scheduler Skipped queueing erpnext.accounts.utils.run_ledger_health_checks because it was found in queue for bfarm.localhost
2026-06-22 02:02:55,939 ERROR scheduler Skipped queueing frappe.desk.utils.delete_old_exported_report_files because it was found in queue for bfarm.localhost
2026-06-22 02:02:55,942 ERROR scheduler Skipped queueing frappe.desk.form.document_follow.send_hourly_updates because it was found in queue for bfarm.localhost
2026-06-22 02:02:55,947 ERROR scheduler Skipped queueing erpnext.stock.reorder_item.reorder_item because it was found in queue for bfarm.localhost
2026-06-22 02:02:55,951 ERROR scheduler Skipped queueing frappe.website.doctype.personal_data_deletion_request.personal_data_deletion_request.process_data_deletion_request because it was found in queue for bfarm.localhost
2026-06-22 02:02:55,965 ERROR scheduler Skipped queueing erpnext.utilities.doctype.video.video.update_youtube_data because it was found in queue for bfarm.localhost
2026-06-22 02:02:55,968 ERROR scheduler Skipped queueing erpnext.projects.doctype.project.project.update_project_sales_billing because it was found in queue for bfarm.localhost
2026-06-22 02:02:55,980 ERROR scheduler Skipped queueing frappe.core.doctype.user_invitation.user_invitation.mark_expired_invitations because it was found in queue for bfarm.localhost
2026-06-22 02:02:55,987 ERROR scheduler Skipped queueing frappe.desk.form.document_follow.send_weekly_updates because it was found in queue for bfarm.localhost
2026-06-22 02:02:55,991 ERROR scheduler Skipped queueing erpnext.crm.doctype.opportunity.opportunity.auto_close_opportunity because it was found in queue for bfarm.localhost
2026-06-22 02:02:55,995 ERROR scheduler Skipped queueing frappe.sessions.clear_expired_sessions because it was found in queue for bfarm.localhost
2026-06-22 02:02:55,999 ERROR scheduler Skipped queueing erpnext.erpnext_integrations.doctype.plaid_settings.plaid_settings.automatic_synchronization because it was found in queue for bfarm.localhost
2026-06-22 02:02:56,003 ERROR scheduler Skipped queueing frappe.core.doctype.prepared_report.prepared_report.expire_stalled_report because it was found in queue for bfarm.localhost
2026-06-22 02:02:56,008 ERROR scheduler Skipped queueing frappe.integrations.doctype.google_drive.google_drive.daily_backup because it was found in queue for bfarm.localhost
2026-06-22 02:02:56,019 ERROR scheduler Skipped queueing frappe.oauth.delete_oauth2_data because it was found in queue for bfarm.localhost
2026-06-22 02:02:56,029 ERROR scheduler Skipped queueing frappe.model.utils.user_settings.sync_user_settings because it was found in queue for bfarm.localhost
2026-06-22 02:02:56,035 ERROR scheduler Skipped queueing frappe.integrations.doctype.s3_backup_settings.s3_backup_settings.take_backups_weekly because it was found in queue for bfarm.localhost
2026-06-22 02:02:56,044 ERROR scheduler Skipped queueing frappe.integrations.doctype.s3_backup_settings.s3_backup_settings.take_backups_monthly because it was found in queue for bfarm.localhost
2026-06-22 02:02:56,048 ERROR scheduler Skipped queueing erpnext.stock.doctype.repost_item_valuation.repost_item_valuation.repost_entries because it was found in queue for bfarm.localhost
2026-06-22 02:02:56,054 ERROR scheduler Skipped queueing frappe.deferred_insert.save_to_db because it was found in queue for bfarm.localhost
2026-06-22 02:02:56,060 ERROR scheduler Skipped queueing erpnext.projects.doctype.project.project.project_status_update_reminder because it was found in queue for bfarm.localhost
2026-06-22 02:02:56,067 ERROR scheduler Skipped queueing frappe.desk.notifications.clear_notifications because it was found in queue for bfarm.localhost
2026-06-22 02:04:00,956 ERROR scheduler Skipped queueing frappe.sessions.clear_expired_sessions because it was found in queue for bfarm.localhost
2026-06-22 02:04:00,972 ERROR scheduler Skipped queueing frappe.integrations.doctype.google_drive.google_drive.daily_backup because it was found in queue for bfarm.localhost
2026-06-22 02:04:00,980 ERROR scheduler Skipped queueing frappe.desk.form.document_follow.send_weekly_updates because it was found in queue for bfarm.localhost
2026-06-22 02:04:00,998 ERROR scheduler Skipped queueing erpnext.stock.reorder_item.reorder_item because it was found in queue for bfarm.localhost
2026-06-22 02:04:01,011 ERROR scheduler Skipped queueing erpnext.utilities.bulk_transaction.retry because it was found in queue for bfarm.localhost
2026-06-22 02:04:01,025 ERROR scheduler Skipped queueing erpnext.projects.doctype.project.project.collect_project_status because it was found in queue for bfarm.localhost
2026-06-22 02:04:01,032 ERROR scheduler Skipped queueing frappe.model.utils.user_settings.sync_user_settings because it was found in queue for bfarm.localhost
2026-06-22 02:04:01,041 ERROR scheduler Skipped queueing frappe.website.doctype.web_page.web_page.check_publish_status because it was found in queue for bfarm.localhost
2026-06-22 02:04:01,045 ERROR scheduler Skipped queueing frappe.integrations.doctype.s3_backup_settings.s3_backup_settings.take_backups_monthly because it was found in queue for bfarm.localhost
2026-06-22 02:04:01,048 ERROR scheduler Skipped queueing erpnext.accounts.utils.auto_create_exchange_rate_revaluation_daily because it was found in queue for bfarm.localhost
2026-06-22 02:04:01,063 ERROR scheduler Skipped queueing frappe.desk.utils.delete_old_exported_report_files because it was found in queue for bfarm.localhost
2026-06-22 02:04:01,070 ERROR scheduler Skipped queueing erpnext.crm.doctype.opportunity.opportunity.auto_close_opportunity because it was found in queue for bfarm.localhost
2026-06-22 02:04:01,077 ERROR scheduler Skipped queueing erpnext.projects.doctype.project.project.project_status_update_reminder because it was found in queue for bfarm.localhost
2026-06-22 02:04:01,084 ERROR scheduler Skipped queueing frappe.integrations.doctype.s3_backup_settings.s3_backup_settings.take_backups_weekly because it was found in queue for bfarm.localhost
2026-06-22 02:04:01,093 ERROR scheduler Skipped queueing erpnext.manufacturing.doctype.bom_update_tool.bom_update_tool.auto_update_latest_price_in_all_boms because it was found in queue for bfarm.localhost
2026-06-22 02:04:01,099 ERROR scheduler Skipped queueing frappe.core.doctype.prepared_report.prepared_report.expire_stalled_report because it was found in queue for bfarm.localhost
2026-06-22 02:04:01,108 ERROR scheduler Skipped queueing erpnext.projects.doctype.project.project.update_project_sales_billing because it was found in queue for bfarm.localhost
2026-06-22 02:04:01,129 ERROR scheduler Skipped queueing frappe.social.doctype.energy_point_settings.energy_point_settings.allocate_review_points because it was found in queue for bfarm.localhost
2026-06-22 02:04:01,144 ERROR scheduler Skipped queueing frappe.website.doctype.personal_data_deletion_request.personal_data_deletion_request.process_data_deletion_request because it was found in queue for bfarm.localhost
2026-06-22 02:04:01,152 ERROR scheduler Skipped queueing erpnext.buying.doctype.supplier_scorecard.supplier_scorecard.refresh_scorecards because it was found in queue for bfarm.localhost
2026-06-22 02:04:01,155 ERROR scheduler Skipped queueing frappe.desk.notifications.clear_notifications because it was found in queue for bfarm.localhost
2026-06-22 02:04:01,159 ERROR scheduler Skipped queueing frappe.integrations.doctype.google_contacts.google_contacts.sync because it was found in queue for bfarm.localhost
2026-06-22 02:04:01,165 ERROR scheduler Skipped queueing frappe.desk.form.document_follow.send_hourly_updates because it was found in queue for bfarm.localhost
2026-06-22 02:04:01,169 ERROR scheduler Skipped queueing erpnext.erpnext_integrations.doctype.plaid_settings.plaid_settings.automatic_synchronization because it was found in queue for bfarm.localhost
2026-06-22 02:04:01,175 ERROR scheduler Skipped queueing erpnext.stock.doctype.repost_item_valuation.repost_item_valuation.repost_entries because it was found in queue for bfarm.localhost
2026-06-22 02:04:01,186 ERROR scheduler Skipped queueing frappe.core.doctype.user_invitation.user_invitation.mark_expired_invitations because it was found in queue for bfarm.localhost
2026-06-22 02:04:01,198 ERROR scheduler Skipped queueing erpnext.accounts.utils.run_ledger_health_checks because it was found in queue for bfarm.localhost
2026-06-22 02:04:01,235 ERROR scheduler Skipped queueing erpnext.accounts.doctype.fiscal_year.fiscal_year.auto_create_fiscal_year because it was found in queue for bfarm.localhost
2026-06-22 02:05:06,128 ERROR scheduler Skipped queueing erpnext.projects.doctype.project.project.collect_project_status because it was found in queue for bfarm.localhost
2026-06-22 02:05:06,135 ERROR scheduler Skipped queueing erpnext.projects.doctype.project.project.project_status_update_reminder because it was found in queue for bfarm.localhost
2026-06-22 02:05:06,139 ERROR scheduler Skipped queueing erpnext.erpnext_integrations.doctype.plaid_settings.plaid_settings.automatic_synchronization because it was found in queue for bfarm.localhost
2026-06-22 02:05:06,149 ERROR scheduler Skipped queueing frappe.website.doctype.personal_data_deletion_request.personal_data_deletion_request.process_data_deletion_request because it was found in queue for bfarm.localhost
2026-06-22 02:05:06,169 ERROR scheduler Skipped queueing frappe.integrations.doctype.google_contacts.google_contacts.sync because it was found in queue for bfarm.localhost
2026-06-22 02:05:06,186 ERROR scheduler Skipped queueing erpnext.stock.reorder_item.reorder_item because it was found in queue for bfarm.localhost
2026-06-22 02:05:06,189 ERROR scheduler Skipped queueing frappe.integrations.doctype.s3_backup_settings.s3_backup_settings.take_backups_weekly because it was found in queue for bfarm.localhost
2026-06-22 02:05:06,198 ERROR scheduler Skipped queueing frappe.sessions.clear_expired_sessions because it was found in queue for bfarm.localhost
2026-06-22 02:05:06,205 ERROR scheduler Skipped queueing erpnext.manufacturing.doctype.bom_update_tool.bom_update_tool.auto_update_latest_price_in_all_boms because it was found in queue for bfarm.localhost
2026-06-22 02:05:06,209 ERROR scheduler Skipped queueing frappe.core.doctype.prepared_report.prepared_report.expire_stalled_report because it was found in queue for bfarm.localhost
2026-06-22 02:05:06,212 ERROR scheduler Skipped queueing erpnext.accounts.doctype.fiscal_year.fiscal_year.auto_create_fiscal_year because it was found in queue for bfarm.localhost
2026-06-22 02:05:06,217 ERROR scheduler Skipped queueing frappe.integrations.doctype.s3_backup_settings.s3_backup_settings.take_backups_monthly because it was found in queue for bfarm.localhost
2026-06-22 02:05:06,230 ERROR scheduler Skipped queueing frappe.desk.form.document_follow.send_weekly_updates because it was found in queue for bfarm.localhost
2026-06-22 02:05:06,263 ERROR scheduler Skipped queueing frappe.core.doctype.user_invitation.user_invitation.mark_expired_invitations because it was found in queue for bfarm.localhost
2026-06-22 02:05:06,270 ERROR scheduler Skipped queueing frappe.desk.utils.delete_old_exported_report_files because it was found in queue for bfarm.localhost
2026-06-22 02:05:06,275 ERROR scheduler Skipped queueing frappe.desk.form.document_follow.send_hourly_updates because it was found in queue for bfarm.localhost
2026-06-22 02:05:06,284 ERROR scheduler Skipped queueing erpnext.stock.doctype.repost_item_valuation.repost_item_valuation.repost_entries because it was found in queue for bfarm.localhost
2026-06-22 02:05:06,288 ERROR scheduler Skipped queueing erpnext.projects.doctype.project.project.update_project_sales_billing because it was found in queue for bfarm.localhost
2026-06-22 02:05:06,293 ERROR scheduler Skipped queueing erpnext.accounts.utils.run_ledger_health_checks because it was found in queue for bfarm.localhost
2026-06-22 02:05:06,304 ERROR scheduler Skipped queueing erpnext.utilities.doctype.video.video.update_youtube_data because it was found in queue for bfarm.localhost
2026-06-22 02:05:06,309 ERROR scheduler Skipped queueing frappe.model.utils.user_settings.sync_user_settings because it was found in queue for bfarm.localhost
2026-06-22 02:05:06,321 ERROR scheduler Skipped queueing erpnext.accounts.utils.auto_create_exchange_rate_revaluation_daily because it was found in queue for bfarm.localhost
2026-06-22 02:05:06,327 ERROR scheduler Skipped queueing frappe.integrations.doctype.google_drive.google_drive.daily_backup because it was found in queue for bfarm.localhost
2026-06-22 02:05:06,342 ERROR scheduler Skipped queueing erpnext.buying.doctype.supplier_scorecard.supplier_scorecard.refresh_scorecards because it was found in queue for bfarm.localhost
2026-06-22 02:05:06,347 ERROR scheduler Skipped queueing frappe.oauth.delete_oauth2_data because it was found in queue for bfarm.localhost
2026-06-22 02:06:11,237 ERROR scheduler Skipped queueing erpnext.stock.doctype.repost_item_valuation.repost_item_valuation.repost_entries because it was found in queue for bfarm.localhost
2026-06-22 02:06:11,246 ERROR scheduler Skipped queueing erpnext.utilities.doctype.video.video.update_youtube_data because it was found in queue for bfarm.localhost
2026-06-22 02:06:11,251 ERROR scheduler Skipped queueing frappe.desk.utils.delete_old_exported_report_files because it was found in queue for bfarm.localhost
2026-06-22 02:06:11,260 ERROR scheduler Skipped queueing erpnext.projects.doctype.project.project.collect_project_status because it was found in queue for bfarm.localhost
2026-06-22 02:06:11,264 ERROR scheduler Skipped queueing erpnext.utilities.bulk_transaction.retry because it was found in queue for bfarm.localhost
2026-06-22 02:06:11,267 ERROR scheduler Skipped queueing erpnext.manufacturing.doctype.bom_update_tool.bom_update_tool.auto_update_latest_price_in_all_boms because it was found in queue for bfarm.localhost
2026-06-22 02:06:11,272 ERROR scheduler Skipped queueing frappe.integrations.doctype.s3_backup_settings.s3_backup_settings.take_backups_weekly because it was found in queue for bfarm.localhost
2026-06-22 02:06:11,292 ERROR scheduler Skipped queueing erpnext.projects.doctype.project.project.project_status_update_reminder because it was found in queue for bfarm.localhost
2026-06-22 02:06:11,302 ERROR scheduler Skipped queueing frappe.core.doctype.prepared_report.prepared_report.expire_stalled_report because it was found in queue for bfarm.localhost
2026-06-22 02:06:11,311 ERROR scheduler Skipped queueing erpnext.erpnext_integrations.doctype.plaid_settings.plaid_settings.automatic_synchronization because it was found in queue for bfarm.localhost
2026-06-22 02:06:11,314 ERROR scheduler Skipped queueing frappe.integrations.doctype.s3_backup_settings.s3_backup_settings.take_backups_monthly because it was found in queue for bfarm.localhost
2026-06-22 02:06:11,324 ERROR scheduler Skipped queueing frappe.desk.form.document_follow.send_hourly_updates because it was found in queue for bfarm.localhost
2026-06-22 02:06:11,357 ERROR scheduler Skipped queueing frappe.oauth.delete_oauth2_data because it was found in queue for bfarm.localhost
2026-06-22 02:06:11,367 ERROR scheduler Skipped queueing frappe.website.doctype.personal_data_deletion_request.personal_data_deletion_request.process_data_deletion_request because it was found in queue for bfarm.localhost
2026-06-22 02:06:11,376 ERROR scheduler Skipped queueing frappe.model.utils.user_settings.sync_user_settings because it was found in queue for bfarm.localhost
2026-06-22 02:06:11,382 ERROR scheduler Skipped queueing erpnext.accounts.utils.auto_create_exchange_rate_revaluation_daily because it was found in queue for bfarm.localhost
2026-06-22 02:06:11,387 ERROR scheduler Skipped queueing erpnext.accounts.doctype.fiscal_year.fiscal_year.auto_create_fiscal_year because it was found in queue for bfarm.localhost
2026-06-22 02:06:11,399 ERROR scheduler Skipped queueing erpnext.stock.reorder_item.reorder_item because it was found in queue for bfarm.localhost
2026-06-22 02:06:11,406 ERROR scheduler Skipped queueing frappe.sessions.clear_expired_sessions because it was found in queue for bfarm.localhost
2026-06-22 02:07:16,386 ERROR scheduler Skipped queueing frappe.model.utils.user_settings.sync_user_settings because it was found in queue for bfarm.localhost
2026-06-22 02:07:16,391 ERROR scheduler Skipped queueing frappe.website.doctype.personal_data_deletion_request.personal_data_deletion_request.process_data_deletion_request because it was found in queue for bfarm.localhost
2026-06-22 02:07:16,394 ERROR scheduler Skipped queueing erpnext.utilities.bulk_transaction.retry because it was found in queue for bfarm.localhost
2026-06-22 02:07:16,402 ERROR scheduler Skipped queueing frappe.oauth.delete_oauth2_data because it was found in queue for bfarm.localhost
2026-06-22 02:07:16,410 ERROR scheduler Skipped queueing erpnext.stock.doctype.repost_item_valuation.repost_item_valuation.repost_entries because it was found in queue for bfarm.localhost
2026-06-22 02:07:16,428 ERROR scheduler Skipped queueing erpnext.manufacturing.doctype.bom_update_tool.bom_update_tool.auto_update_latest_price_in_all_boms because it was found in queue for bfarm.localhost
2026-06-22 02:07:16,524 ERROR scheduler Skipped queueing erpnext.utilities.doctype.video.video.update_youtube_data because it was found in queue for bfarm.localhost
2026-06-22 02:07:16,533 ERROR scheduler Skipped queueing frappe.desk.form.document_follow.send_hourly_updates because it was found in queue for bfarm.localhost
2026-06-22 02:07:16,543 ERROR scheduler Skipped queueing erpnext.accounts.utils.auto_create_exchange_rate_revaluation_daily because it was found in queue for bfarm.localhost
2026-06-22 02:07:16,557 ERROR scheduler Skipped queueing erpnext.projects.doctype.project.project.collect_project_status because it was found in queue for bfarm.localhost
2026-06-22 02:07:16,567 ERROR scheduler Skipped queueing frappe.sessions.clear_expired_sessions because it was found in queue for bfarm.localhost
2026-06-22 02:08:22,048 ERROR scheduler Skipped queueing erpnext.utilities.bulk_transaction.retry because it was found in queue for bfarm.localhost
2026-06-22 02:09:26,891 ERROR scheduler Skipped queueing frappe.desk.form.document_follow.send_hourly_updates because it was found in queue for bfarm.localhost
2026-06-22 02:09:26,944 ERROR scheduler Skipped queueing erpnext.projects.doctype.project.project.collect_project_status because it was found in queue for bfarm.localhost
2026-06-22 02:17:03,151 ERROR scheduler Skipped queueing frappe.utils.global_search.sync_global_search because it was found in queue for bfarm.localhost
2026-06-22 02:31:12,311 ERROR scheduler Skipped queueing frappe.model.utils.link_count.update_link_count because it was found in queue for bfarm.localhost
2026-06-22 03:01:47,114 ERROR scheduler Skipped queueing frappe.email.queue.retry_sending_emails because it was found in queue for bfarm.localhost
2026-06-22 03:01:47,130 ERROR scheduler Skipped queueing erpnext.utilities.bulk_transaction.retry because it was found in queue for bfarm.localhost
2026-06-22 03:01:47,135 ERROR scheduler Skipped queueing frappe.core.doctype.prepared_report.prepared_report.expire_stalled_report because it was found in queue for bfarm.localhost
2026-06-22 03:01:47,143 ERROR scheduler Skipped queueing frappe.model.utils.user_settings.sync_user_settings because it was found in queue for bfarm.localhost
2026-06-22 03:01:47,161 ERROR scheduler Skipped queueing frappe.email.queue.flush because it was found in queue for bfarm.localhost
2026-06-22 03:01:47,178 ERROR scheduler Skipped queueing erpnext.projects.doctype.project.project.project_status_update_reminder because it was found in queue for bfarm.localhost
2026-06-22 03:01:47,200 ERROR scheduler Skipped queueing frappe.email.doctype.email_account.email_account.notify_unreplied because it was found in queue for bfarm.localhost
2026-06-22 03:01:47,221 ERROR scheduler Skipped queueing frappe.twofactor.delete_all_barcodes_for_users because it was found in queue for bfarm.localhost
2026-06-22 03:01:47,244 ERROR scheduler Skipped queueing frappe.website.doctype.personal_data_deletion_request.personal_data_deletion_request.process_data_deletion_request because it was found in queue for bfarm.localhost
2026-06-22 03:01:47,267 ERROR scheduler Skipped queueing erpnext.stock.doctype.repost_item_valuation.repost_item_valuation.repost_entries because it was found in queue for bfarm.localhost
2026-06-22 03:01:47,280 ERROR scheduler Skipped queueing frappe.email.doctype.newsletter.newsletter.send_scheduled_email because it was found in queue for bfarm.localhost
2026-06-22 03:01:47,285 ERROR scheduler Skipped queueing frappe.automation.doctype.reminder.reminder.send_reminders because it was found in queue for bfarm.localhost
2026-06-22 03:01:47,296 ERROR scheduler Skipped queueing frappe.desk.form.document_follow.send_hourly_updates because it was found in queue for bfarm.localhost
2026-06-22 03:01:47,317 ERROR scheduler Skipped queueing frappe.desk.utils.delete_old_exported_report_files because it was found in queue for bfarm.localhost
2026-06-22 03:01:47,324 ERROR scheduler Skipped queueing frappe.oauth.delete_oauth2_data because it was found in queue for bfarm.localhost
2026-06-22 03:01:47,336 ERROR scheduler Skipped queueing frappe.search.sqlite_search.build_index_if_not_exists because it was found in queue for bfarm.localhost
2026-06-22 03:01:47,355 ERROR scheduler Skipped queueing frappe.monitor.flush because it was found in queue for bfarm.localhost
2026-06-22 03:01:47,371 ERROR scheduler Skipped queueing frappe.deferred_insert.save_to_db because it was found in queue for bfarm.localhost
2026-06-22 03:01:47,379 ERROR scheduler Skipped queueing frappe.desk.page.backups.backups.delete_downloadable_backups because it was found in queue for bfarm.localhost
2026-06-22 03:01:47,392 ERROR scheduler Skipped queueing frappe.utils.telemetry.pulse.client.send_queued_events because it was found in queue for bfarm.localhost
2026-06-22 03:01:47,405 ERROR scheduler Skipped queueing frappe.website.doctype.web_page.web_page.check_publish_status because it was found in queue for bfarm.localhost
2026-06-22 03:01:47,424 ERROR scheduler Skipped queueing erpnext.erpnext_integrations.doctype.plaid_settings.plaid_settings.automatic_synchronization because it was found in queue for bfarm.localhost
2026-06-22 03:01:47,445 ERROR scheduler Skipped queueing erpnext.utilities.doctype.video.video.update_youtube_data because it was found in queue for bfarm.localhost
2026-06-22 03:02:52,794 ERROR scheduler Skipped queueing frappe.model.utils.user_settings.sync_user_settings because it was found in queue for bfarm.localhost
2026-06-22 03:02:52,812 ERROR scheduler Skipped queueing erpnext.utilities.bulk_transaction.retry because it was found in queue for bfarm.localhost
2026-06-22 03:02:52,855 ERROR scheduler Skipped queueing frappe.oauth.delete_oauth2_data because it was found in queue for bfarm.localhost
2026-06-22 03:02:52,860 ERROR scheduler Skipped queueing erpnext.projects.doctype.project.project.project_status_update_reminder because it was found in queue for bfarm.localhost
2026-06-22 03:02:52,895 ERROR scheduler Skipped queueing frappe.desk.form.document_follow.send_hourly_updates because it was found in queue for bfarm.localhost
2026-06-22 03:02:52,904 ERROR scheduler Skipped queueing frappe.email.queue.flush because it was found in queue for bfarm.localhost
2026-06-22 03:02:52,915 ERROR scheduler Skipped queueing frappe.desk.utils.delete_old_exported_report_files because it was found in queue for bfarm.localhost
2026-06-22 03:02:52,937 ERROR scheduler Skipped queueing frappe.desk.page.backups.backups.delete_downloadable_backups because it was found in queue for bfarm.localhost
2026-06-22 03:02:52,948 ERROR scheduler Skipped queueing frappe.twofactor.delete_all_barcodes_for_users because it was found in queue for bfarm.localhost
2026-06-22 03:02:52,976 ERROR scheduler Skipped queueing frappe.website.doctype.web_page.web_page.check_publish_status because it was found in queue for bfarm.localhost
2026-06-22 03:02:52,981 ERROR scheduler Skipped queueing erpnext.erpnext_integrations.doctype.plaid_settings.plaid_settings.automatic_synchronization because it was found in queue for bfarm.localhost
2026-06-22 03:02:52,992 ERROR scheduler Skipped queueing frappe.website.doctype.personal_data_deletion_request.personal_data_deletion_request.process_data_deletion_request because it was found in queue for bfarm.localhost
2026-06-22 03:02:52,999 ERROR scheduler Skipped queueing erpnext.stock.doctype.repost_item_valuation.repost_item_valuation.repost_entries because it was found in queue for bfarm.localhost
2026-06-22 03:02:53,004 ERROR scheduler Skipped queueing frappe.core.doctype.prepared_report.prepared_report.expire_stalled_report because it was found in queue for bfarm.localhost
2026-06-22 03:02:53,009 ERROR scheduler Skipped queueing frappe.email.doctype.email_account.email_account.pull because it was found in queue for bfarm.localhost
2026-06-22 03:02:53,016 ERROR scheduler Skipped queueing erpnext.utilities.doctype.video.video.update_youtube_data because it was found in queue for bfarm.localhost
2026-06-22 03:03:58,358 ERROR scheduler Skipped queueing frappe.website.doctype.web_page.web_page.check_publish_status because it was found in queue for bfarm.localhost
2026-06-22 03:03:58,387 ERROR scheduler Skipped queueing erpnext.utilities.bulk_transaction.retry because it was found in queue for bfarm.localhost
2026-06-22 03:03:58,390 ERROR scheduler Skipped queueing erpnext.projects.doctype.project.project.project_status_update_reminder because it was found in queue for bfarm.localhost
2026-06-22 03:03:58,399 ERROR scheduler Skipped queueing frappe.desk.utils.delete_old_exported_report_files because it was found in queue for bfarm.localhost
2026-06-22 03:03:58,416 ERROR scheduler Skipped queueing frappe.core.doctype.prepared_report.prepared_report.expire_stalled_report because it was found in queue for bfarm.localhost
2026-06-22 03:03:58,432 ERROR scheduler Skipped queueing frappe.desk.page.backups.backups.delete_downloadable_backups because it was found in queue for bfarm.localhost
2026-06-22 03:03:58,439 ERROR scheduler Skipped queueing erpnext.stock.doctype.repost_item_valuation.repost_item_valuation.repost_entries because it was found in queue for bfarm.localhost
2026-06-22 03:03:58,455 ERROR scheduler Skipped queueing frappe.oauth.delete_oauth2_data because it was found in queue for bfarm.localhost
2026-06-22 03:03:58,474 ERROR scheduler Skipped queueing erpnext.erpnext_integrations.doctype.plaid_settings.plaid_settings.automatic_synchronization because it was found in queue for bfarm.localhost
2026-06-22 03:05:03,813 ERROR scheduler Skipped queueing frappe.desk.page.backups.backups.delete_downloadable_backups because it was found in queue for bfarm.localhost
2026-06-22 03:17:04,470 ERROR scheduler Skipped queueing frappe.deferred_insert.save_to_db because it was found in queue for bfarm.localhost
2026-06-22 03:31:15,968 ERROR scheduler Skipped queueing frappe.email.doctype.email_account.email_account.notify_unreplied because it was found in queue for bfarm.localhost
2026-06-22 03:31:15,989 ERROR scheduler Skipped queueing frappe.utils.global_search.sync_global_search because it was found in queue for bfarm.localhost
2026-06-22 03:31:16,024 ERROR scheduler Skipped queueing frappe.model.utils.link_count.update_link_count because it was found in queue for bfarm.localhost
2026-06-22 03:46:32,541 ERROR scheduler Skipped queueing frappe.deferred_insert.save_to_db because it was found in queue for bfarm.localhost
2026-06-22 04:01:57,283 ERROR scheduler Skipped queueing frappe.desk.utils.delete_old_exported_report_files because it was found in queue for bfarm.localhost
2026-06-22 04:01:57,299 ERROR scheduler Skipped queueing frappe.monitor.flush because it was found in queue for bfarm.localhost
2026-06-22 04:01:57,325 ERROR scheduler Skipped queueing erpnext.utilities.bulk_transaction.retry because it was found in queue for bfarm.localhost
2026-06-22 04:01:57,335 ERROR scheduler Skipped queueing frappe.model.utils.user_settings.sync_user_settings because it was found in queue for bfarm.localhost
2026-06-22 04:01:57,343 ERROR scheduler Skipped queueing erpnext.manufacturing.doctype.bom_update_log.bom_update_log.resume_bom_cost_update_jobs because it was found in queue for bfarm.localhost
2026-06-22 04:01:57,351 ERROR scheduler Skipped queueing frappe.utils.telemetry.pulse.client.send_queued_events because it was found in queue for bfarm.localhost
2026-06-22 04:01:57,358 ERROR scheduler Skipped queueing erpnext.erpnext_integrations.doctype.plaid_settings.plaid_settings.automatic_synchronization because it was found in queue for bfarm.localhost
2026-06-22 04:01:57,372 ERROR scheduler Skipped queueing frappe.website.doctype.personal_data_deletion_request.personal_data_deletion_request.process_data_deletion_request because it was found in queue for bfarm.localhost
2026-06-22 04:01:57,397 ERROR scheduler Skipped queueing frappe.deferred_insert.save_to_db because it was found in queue for bfarm.localhost
2026-06-22 04:01:57,417 ERROR scheduler Skipped queueing erpnext.stock.doctype.repost_item_valuation.repost_item_valuation.repost_entries because it was found in queue for bfarm.localhost
2026-06-22 04:01:57,426 ERROR scheduler Skipped queueing erpnext.projects.doctype.project.project.collect_project_status because it was found in queue for bfarm.localhost
2026-06-22 04:01:57,446 ERROR scheduler Skipped queueing frappe.website.doctype.web_page.web_page.check_publish_status because it was found in queue for bfarm.localhost
2026-06-22 04:01:57,457 ERROR scheduler Skipped queueing frappe.desk.page.backups.backups.delete_downloadable_backups because it was found in queue for bfarm.localhost
2026-06-22 04:01:57,475 ERROR scheduler Skipped queueing frappe.oauth.delete_oauth2_data because it was found in queue for bfarm.localhost
2026-06-22 04:01:57,488 ERROR scheduler Skipped queueing frappe.search.sqlite_search.build_index_if_not_exists because it was found in queue for bfarm.localhost
2026-06-22 04:01:57,525 ERROR scheduler Skipped queueing frappe.integrations.doctype.google_calendar.google_calendar.sync because it was found in queue for bfarm.localhost
2026-06-22 04:01:57,528 ERROR scheduler Skipped queueing frappe.twofactor.delete_all_barcodes_for_users because it was found in queue for bfarm.localhost
2026-06-22 04:01:57,536 ERROR scheduler Skipped queueing frappe.core.doctype.prepared_report.prepared_report.expire_stalled_report because it was found in queue for bfarm.localhost
2026-06-22 04:01:57,541 ERROR scheduler Skipped queueing erpnext.projects.doctype.project.project.project_status_update_reminder because it was found in queue for bfarm.localhost
2026-06-22 04:01:57,553 ERROR scheduler Skipped queueing frappe.desk.form.document_follow.send_hourly_updates because it was found in queue for bfarm.localhost
2026-06-22 04:01:57,560 ERROR scheduler Skipped queueing frappe.automation.doctype.reminder.reminder.send_reminders because it was found in queue for bfarm.localhost
2026-06-22 04:01:57,567 ERROR scheduler Skipped queueing frappe.email.queue.flush because it was found in queue for bfarm.localhost
2026-06-22 04:01:57,581 ERROR scheduler Skipped queueing erpnext.utilities.doctype.video.video.update_youtube_data because it was found in queue for bfarm.localhost
2026-06-22 04:03:02,964 ERROR scheduler Skipped queueing erpnext.utilities.doctype.video.video.update_youtube_data because it was found in queue for bfarm.localhost
2026-06-22 04:03:02,979 ERROR scheduler Skipped queueing frappe.monitor.flush because it was found in queue for bfarm.localhost
2026-06-22 04:03:02,986 ERROR scheduler Skipped queueing erpnext.projects.doctype.project.project.collect_project_status because it was found in queue for bfarm.localhost
2026-06-22 04:03:02,992 ERROR scheduler Skipped queueing frappe.twofactor.delete_all_barcodes_for_users because it was found in queue for bfarm.localhost
2026-06-22 04:03:03,001 ERROR scheduler Skipped queueing frappe.website.doctype.personal_data_deletion_request.personal_data_deletion_request.process_data_deletion_request because it was found in queue for bfarm.localhost
2026-06-22 04:03:03,008 ERROR scheduler Skipped queueing erpnext.stock.doctype.repost_item_valuation.repost_item_valuation.repost_entries because it was found in queue for bfarm.localhost
2026-06-22 04:03:03,029 ERROR scheduler Skipped queueing frappe.oauth.delete_oauth2_data because it was found in queue for bfarm.localhost
2026-06-22 04:03:03,043 ERROR scheduler Skipped queueing frappe.model.utils.user_settings.sync_user_settings because it was found in queue for bfarm.localhost
2026-06-22 04:03:03,047 ERROR scheduler Skipped queueing erpnext.manufacturing.doctype.bom_update_log.bom_update_log.resume_bom_cost_update_jobs because it was found in queue for bfarm.localhost
2026-06-22 04:03:03,054 ERROR scheduler Skipped queueing erpnext.utilities.bulk_transaction.retry because it was found in queue for bfarm.localhost
2026-06-22 04:03:03,062 ERROR scheduler Skipped queueing frappe.website.doctype.web_page.web_page.check_publish_status because it was found in queue for bfarm.localhost
2026-06-22 04:03:03,077 ERROR scheduler Skipped queueing erpnext.erpnext_integrations.doctype.plaid_settings.plaid_settings.automatic_synchronization because it was found in queue for bfarm.localhost
2026-06-22 04:03:03,086 ERROR scheduler Skipped queueing frappe.desk.page.backups.backups.delete_downloadable_backups because it was found in queue for bfarm.localhost
2026-06-22 04:03:03,106 ERROR scheduler Skipped queueing frappe.desk.utils.delete_old_exported_report_files because it was found in queue for bfarm.localhost
2026-06-22 04:03:03,114 ERROR scheduler Skipped queueing erpnext.projects.doctype.project.project.project_status_update_reminder because it was found in queue for bfarm.localhost
2026-06-22 04:03:03,154 ERROR scheduler Skipped queueing frappe.desk.form.document_follow.send_hourly_updates because it was found in queue for bfarm.localhost
2026-06-22 04:03:03,159 ERROR scheduler Skipped queueing frappe.core.doctype.prepared_report.prepared_report.expire_stalled_report because it was found in queue for bfarm.localhost
2026-06-22 04:03:03,168 ERROR scheduler Skipped queueing frappe.deferred_insert.save_to_db because it was found in queue for bfarm.localhost
2026-06-22 04:07:43,934 ERROR scheduler Skipped queueing erpnext.projects.doctype.project.project.collect_project_status because it was found in queue for bfarm.localhost
2026-06-22 04:07:43,981 ERROR scheduler Skipped queueing frappe.desk.form.document_follow.send_hourly_updates because it was found in queue for bfarm.localhost
2026-06-22 04:07:44,014 ERROR scheduler Skipped queueing frappe.oauth.delete_oauth2_data because it was found in queue for bfarm.localhost
2026-06-22 04:07:44,020 ERROR scheduler Skipped queueing erpnext.utilities.doctype.video.video.update_youtube_data because it was found in queue for bfarm.localhost
2026-06-22 04:07:44,030 ERROR scheduler Skipped queueing frappe.model.utils.user_settings.sync_user_settings because it was found in queue for bfarm.localhost
2026-06-22 04:07:44,034 ERROR scheduler Skipped queueing erpnext.erpnext_integrations.doctype.plaid_settings.plaid_settings.automatic_synchronization because it was found in queue for bfarm.localhost
2026-06-22 04:07:44,046 ERROR scheduler Skipped queueing frappe.twofactor.delete_all_barcodes_for_users because it was found in queue for bfarm.localhost
2026-06-22 04:07:44,063 ERROR scheduler Skipped queueing frappe.website.doctype.web_page.web_page.check_publish_status because it was found in queue for bfarm.localhost
2026-06-22 04:08:49,544 ERROR scheduler Skipped queueing frappe.website.doctype.web_page.web_page.check_publish_status because it was found in queue for bfarm.localhost
2026-06-22 04:08:49,569 ERROR scheduler Skipped queueing erpnext.projects.doctype.project.project.collect_project_status because it was found in queue for bfarm.localhost
2026-06-22 04:08:49,697 ERROR scheduler Skipped queueing erpnext.utilities.doctype.video.video.update_youtube_data because it was found in queue for bfarm.localhost
2026-06-22 04:08:49,796 ERROR scheduler Skipped queueing frappe.desk.form.document_follow.send_hourly_updates because it was found in queue for bfarm.localhost
2026-06-22 04:08:49,850 ERROR scheduler Skipped queueing erpnext.erpnext_integrations.doctype.plaid_settings.plaid_settings.automatic_synchronization because it was found in queue for bfarm.localhost
2026-06-22 04:22:01,060 ERROR scheduler Skipped queueing frappe.email.doctype.email_account.email_account.pull because it was found in queue for bfarm.localhost
2026-06-22 04:22:01,082 ERROR scheduler Skipped queueing frappe.email.doctype.email_account.email_account.notify_unreplied because it was found in queue for bfarm.localhost
2026-06-22 04:22:01,120 ERROR scheduler Skipped queueing frappe.model.utils.link_count.update_link_count because it was found in queue for bfarm.localhost
2026-06-22 04:22:01,146 ERROR scheduler Skipped queueing erpnext.manufacturing.doctype.bom_update_log.bom_update_log.resume_bom_cost_update_jobs because it was found in queue for bfarm.localhost
2026-06-22 04:22:01,193 ERROR scheduler Skipped queueing frappe.deferred_insert.save_to_db because it was found in queue for bfarm.localhost
2026-06-22 04:22:01,213 ERROR scheduler Skipped queueing frappe.search.sqlite_search.build_index_if_not_exists because it was found in queue for bfarm.localhost
2026-06-22 04:22:01,273 ERROR scheduler Skipped queueing frappe.automation.doctype.reminder.reminder.send_reminders because it was found in queue for bfarm.localhost
2026-06-22 04:23:06,622 ERROR scheduler Skipped queueing frappe.deferred_insert.save_to_db because it was found in queue for bfarm.localhost
2026-06-22 04:31:42,012 ERROR scheduler Skipped queueing erpnext.accounts.doctype.gl_entry.gl_entry.rename_gle_sle_docs because it was found in queue for bfarm.localhost
2026-06-22 04:31:42,038 ERROR scheduler Skipped queueing frappe.deferred_insert.save_to_db because it was found in queue for bfarm.localhost
2026-06-22 04:31:42,102 ERROR scheduler Skipped queueing frappe.automation.doctype.reminder.reminder.send_reminders because it was found in queue for bfarm.localhost
